<?xml version="1.0" encoding="UTF-8"?>
<!-- Generated by org.testng.reporters.JUnitReportReporter -->
<testsuite skipped="0" hostname="Admin-PC" name="com.model.MvnTest" tests="3" failures="0" timestamp="24 Aug 2019 09:34:09 GMT" time="10.970" errors="0">
  <testcase name="loginwithValidds1" time="4.760" classname="com.model.MvnTest"/>
  <testcase name="loginwithValidds2" time="3.974" classname="com.model.MvnTest"/>
  <testcase name="loginwithInValidds" time="2.236" classname="com.model.MvnTest"/>
</testsuite> <!-- com.model.MvnTest -->
