<?xml version="1.0" encoding="UTF-8"?>
<!-- Generated by org.testng.reporters.JUnitReportReporter -->
<testsuite skipped="0" hostname="Admin-PC" name="com.model.MvnTest" tests="3" failures="0" timestamp="24 Aug 2019 09:47:40 GMT" time="13.258" errors="0">
  <testcase name="loginwithValidds1" time="5.498" classname="com.model.MvnTest"/>
  <testcase name="loginwithValidds2" time="4.918" classname="com.model.MvnTest"/>
  <testcase name="loginwithInValidds" time="2.842" classname="com.model.MvnTest"/>
</testsuite> <!-- com.model.MvnTest -->
